<?xml version="1.0" encoding="utf-8"?>
<TestRun id="bf11fc3e-1325-406e-a3e3-89a8289522a3" name="posta@WIN-9G14BFG5HNS 2019-12-26 16:49:17" runUser="WIN-9G14BFG5HNS\posta" xmlns="http://microsoft.com/schemas/VisualStudio/TeamTest/2010">
  <Times creation="2019-12-26T16:49:17.3941009+01:00" queuing="2019-12-26T16:49:17.3941033+01:00" start="2019-12-26T16:49:15.7581151+01:00" finish="2019-12-26T16:49:17.4423519+01:00" />
  <TestSettings name="default" id="d57e9ea5-d64b-40f4-931e-c52f20ec7e4b">
    <Deployment runDeploymentRoot="posta_WIN-9G14BFG5HNS_2019-12-26_16_49_17" />
  </TestSettings>
  <Results>
    <UnitTestResult executionId="607d5dbd-1baa-4628-970d-0fac955a3d39" testId="792a0353-1d31-1840-3974-637edfdc2159" testName="SeriesTest.Slices_of_one_from_one" computerName="WIN-9G14BFG5HNS" duration="00:00:00.0028600" startTime="2019-12-26T16:49:17.3065812+01:00" endTime="2019-12-26T16:49:17.3065842+01:00" testType="13cdc9d9-ddb5-4fa4-a97d-d965ccfc6d4b" outcome="Failed" testListId="8c84fa94-04c1-424b-9868-57a2d4851a1d" relativeResultsDirectory="607d5dbd-1baa-4628-970d-0fac955a3d39">
      <Output>
        <ErrorInfo>
          <Message>System.ArgumentException : Value does not fall within the expected range.</Message>
          <StackTrace>   at Series.Slices(String numbers, Int32 sliceLength) in C:\Users\posta\Desktop\CONSEGNATI\4H\Informatica\Serie\19122616\Dhamo.Aleksander\Series.cs:line 16&#xD;
   at SeriesTest.Slices_of_one_from_one() in C:\Users\posta\Desktop\CONSEGNATI\4H\Informatica\Serie\19122616\Dhamo.Aleksander\SeriesTest.cs:line 12</StackTrace>
        </ErrorInfo>
      </Output>
    </UnitTestResult>
    <UnitTestResult executionId="14c138c7-2854-4148-809b-68b0b7be72c3" testId="aaa7900a-737f-1c54-77a7-a4fd9c850c9c" testName="SeriesTest.Slice_length_cannot_be_negative" computerName="WIN-9G14BFG5HNS" duration="00:00:00.0002455" startTime="2019-12-26T16:49:17.3077128+01:00" endTime="2019-12-26T16:49:17.3077131+01:00" testType="13cdc9d9-ddb5-4fa4-a97d-d965ccfc6d4b" outcome="Passed" testListId="8c84fa94-04c1-424b-9868-57a2d4851a1d" relativeResultsDirectory="14c138c7-2854-4148-809b-68b0b7be72c3" />
    <UnitTestResult executionId="bf8623c4-dbc7-4367-9b06-d1556465f45c" testId="fb1b2d9f-a821-9cfd-c5d1-04188e63b49c" testName="SeriesTest.Empty_series_is_invalid" computerName="WIN-9G14BFG5HNS" duration="00:00:00.0037675" startTime="2019-12-26T16:49:17.2875635+01:00" endTime="2019-12-26T16:49:17.2876877+01:00" testType="13cdc9d9-ddb5-4fa4-a97d-d965ccfc6d4b" outcome="Passed" testListId="8c84fa94-04c1-424b-9868-57a2d4851a1d" relativeResultsDirectory="bf8623c4-dbc7-4367-9b06-d1556465f45c" />
    <UnitTestResult executionId="f6e5c5d6-454e-4bab-ba2f-edac054eedd1" testId="ebb22e5c-9f43-7f45-0744-6c7c63884f87" testName="SeriesTest.Slices_of_two" computerName="WIN-9G14BFG5HNS" duration="00:00:00.0006269" startTime="2019-12-26T16:49:17.3083350+01:00" endTime="2019-12-26T16:49:17.3083360+01:00" testType="13cdc9d9-ddb5-4fa4-a97d-d965ccfc6d4b" outcome="Failed" testListId="8c84fa94-04c1-424b-9868-57a2d4851a1d" relativeResultsDirectory="f6e5c5d6-454e-4bab-ba2f-edac054eedd1">
      <Output>
        <ErrorInfo>
          <Message>System.IndexOutOfRangeException : Index was outside the bounds of the array.</Message>
          <StackTrace>   at System.String.get_Chars(Int32 index)&#xD;
   at Series.Slices(String numbers, Int32 sliceLength) in C:\Users\posta\Desktop\CONSEGNATI\4H\Informatica\Serie\19122616\Dhamo.Aleksander\Series.cs:line 23&#xD;
   at SeriesTest.Slices_of_two() in C:\Users\posta\Desktop\CONSEGNATI\4H\Informatica\Serie\19122616\Dhamo.Aleksander\SeriesTest.cs:line 26</StackTrace>
        </ErrorInfo>
      </Output>
    </UnitTestResult>
    <UnitTestResult executionId="ecac388f-9506-4a53-a7be-81ea63c0d960" testId="7b83035a-aebc-4b5b-6cb0-60393095c680" testName="SeriesTest.Slice_length_is_too_large" computerName="WIN-9G14BFG5HNS" duration="00:00:00.0006890" startTime="2019-12-26T16:49:17.3090052+01:00" endTime="2019-12-26T16:49:17.3090056+01:00" testType="13cdc9d9-ddb5-4fa4-a97d-d965ccfc6d4b" outcome="Passed" testListId="8c84fa94-04c1-424b-9868-57a2d4851a1d" relativeResultsDirectory="ecac388f-9506-4a53-a7be-81ea63c0d960" />
    <UnitTestResult executionId="a3624ae0-f220-43ff-9c0a-4c05055dbd13" testId="3db77dd6-ae4d-6f66-bf0e-e455fd211992" testName="SeriesTest.Slices_of_one_from_two" computerName="WIN-9G14BFG5HNS" duration="00:00:00.0006359" startTime="2019-12-26T16:49:17.3076432+01:00" endTime="2019-12-26T16:49:17.3076443+01:00" testType="13cdc9d9-ddb5-4fa4-a97d-d965ccfc6d4b" outcome="Failed" testListId="8c84fa94-04c1-424b-9868-57a2d4851a1d" relativeResultsDirectory="a3624ae0-f220-43ff-9c0a-4c05055dbd13">
      <Output>
        <ErrorInfo>
          <Message>System.ArgumentException : Value does not fall within the expected range.</Message>
          <StackTrace>   at Series.Slices(String numbers, Int32 sliceLength) in C:\Users\posta\Desktop\CONSEGNATI\4H\Informatica\Serie\19122616\Dhamo.Aleksander\Series.cs:line 16&#xD;
   at SeriesTest.Slices_of_one_from_two() in C:\Users\posta\Desktop\CONSEGNATI\4H\Informatica\Serie\19122616\Dhamo.Aleksander\SeriesTest.cs:line 19</StackTrace>
        </ErrorInfo>
      </Output>
    </UnitTestResult>
    <UnitTestResult executionId="dca3304a-0170-4c31-a258-621ae03b4685" testId="1a69a07b-b8a9-feb1-11b3-85942861f695" testName="SeriesTest.Slices_of_two_overlap" computerName="WIN-9G14BFG5HNS" duration="00:00:00.0010460" startTime="2019-12-26T16:49:17.3095742+01:00" endTime="2019-12-26T16:49:17.3095751+01:00" testType="13cdc9d9-ddb5-4fa4-a97d-d965ccfc6d4b" outcome="Failed" testListId="8c84fa94-04c1-424b-9868-57a2d4851a1d" relativeResultsDirectory="dca3304a-0170-4c31-a258-621ae03b4685">
      <Output>
        <ErrorInfo>
          <Message>System.IndexOutOfRangeException : Index was outside the bounds of the array.</Message>
          <StackTrace>   at System.String.get_Chars(Int32 index)&#xD;
   at Series.Slices(String numbers, Int32 sliceLength) in C:\Users\posta\Desktop\CONSEGNATI\4H\Informatica\Serie\19122616\Dhamo.Aleksander\Series.cs:line 23&#xD;
   at SeriesTest.Slices_of_two_overlap() in C:\Users\posta\Desktop\CONSEGNATI\4H\Informatica\Serie\19122616\Dhamo.Aleksander\SeriesTest.cs:line 33</StackTrace>
        </ErrorInfo>
      </Output>
    </UnitTestResult>
    <UnitTestResult executionId="195400f3-2ad3-44c4-9d71-1d305a5d87fa" testId="10d3a76c-b794-f9f8-cd2e-4fa6897a3636" testName="SeriesTest.Slice_length_cannot_be_zero" computerName="WIN-9G14BFG5HNS" duration="00:00:00.0003131" startTime="2019-12-26T16:49:17.3069855+01:00" endTime="2019-12-26T16:49:17.3069862+01:00" testType="13cdc9d9-ddb5-4fa4-a97d-d965ccfc6d4b" outcome="Passed" testListId="8c84fa94-04c1-424b-9868-57a2d4851a1d" relativeResultsDirectory="195400f3-2ad3-44c4-9d71-1d305a5d87fa" />
    <UnitTestResult executionId="cd487a51-3771-4566-b977-83709d370f2b" testId="aa0c5857-dbec-b111-7b44-742bc15ce437" testName="SeriesTest.Slices_of_a_long_series" computerName="WIN-9G14BFG5HNS" duration="00:00:00.0011300" startTime="2019-12-26T16:49:17.3475210+01:00" endTime="2019-12-26T16:49:17.3475225+01:00" testType="13cdc9d9-ddb5-4fa4-a97d-d965ccfc6d4b" outcome="Failed" testListId="8c84fa94-04c1-424b-9868-57a2d4851a1d" relativeResultsDirectory="cd487a51-3771-4566-b977-83709d370f2b">
      <Output>
        <ErrorInfo>
          <Message>System.IndexOutOfRangeException : Index was outside the bounds of the array.</Message>
          <StackTrace>   at System.String.get_Chars(Int32 index)&#xD;
   at Series.Slices(String numbers, Int32 sliceLength) in C:\Users\posta\Desktop\CONSEGNATI\4H\Informatica\Serie\19122616\Dhamo.Aleksander\Series.cs:line 23&#xD;
   at SeriesTest.Slices_of_a_long_series() in C:\Users\posta\Desktop\CONSEGNATI\4H\Informatica\Serie\19122616\Dhamo.Aleksander\SeriesTest.cs:line 47</StackTrace>
        </ErrorInfo>
      </Output>
    </UnitTestResult>
    <UnitTestResult executionId="2657ad2c-86cb-44dd-9479-7dd588b60a93" testId="9ac971fe-a86d-2575-e24a-c0b418baf055" testName="SeriesTest.Slices_can_include_duplicates" computerName="WIN-9G14BFG5HNS" duration="00:00:00.0012405" startTime="2019-12-26T16:49:17.3089354+01:00" endTime="2019-12-26T16:49:17.3089366+01:00" testType="13cdc9d9-ddb5-4fa4-a97d-d965ccfc6d4b" outcome="Failed" testListId="8c84fa94-04c1-424b-9868-57a2d4851a1d" relativeResultsDirectory="2657ad2c-86cb-44dd-9479-7dd588b60a93">
      <Output>
        <ErrorInfo>
          <Message>System.IndexOutOfRangeException : Index was outside the bounds of the array.</Message>
          <StackTrace>   at System.String.get_Chars(Int32 index)&#xD;
   at Series.Slices(String numbers, Int32 sliceLength) in C:\Users\posta\Desktop\CONSEGNATI\4H\Informatica\Serie\19122616\Dhamo.Aleksander\Series.cs:line 23&#xD;
   at SeriesTest.Slices_can_include_duplicates() in C:\Users\posta\Desktop\CONSEGNATI\4H\Informatica\Serie\19122616\Dhamo.Aleksander\SeriesTest.cs:line 40</StackTrace>
        </ErrorInfo>
      </Output>
    </UnitTestResult>
  </Results>
  <TestDefinitions>
    <UnitTest name="SeriesTest.Slices_of_two" storage="c:\users\posta\desktop\consegnati\4h\informatica\serie\19122616\dhamo.aleksander\bin\debug\netcoreapp3.1\dhamo.aleksander.dll" id="ebb22e5c-9f43-7f45-0744-6c7c63884f87">
      <Execution id="f6e5c5d6-454e-4bab-ba2f-edac054eedd1" />
      <TestMethod codeBase="C:\Users\posta\Desktop\CONSEGNATI\4H\Informatica\Serie\19122616\Dhamo.Aleksander\bin\Debug\netcoreapp3.1\Dhamo.Aleksander.dll" adapterTypeName="executor://xunit/VsTestRunner2/netcoreapp" className="SeriesTest" name="SeriesTest.Slices_of_two" />
    </UnitTest>
    <UnitTest name="SeriesTest.Slice_length_cannot_be_zero" storage="c:\users\posta\desktop\consegnati\4h\informatica\serie\19122616\dhamo.aleksander\bin\debug\netcoreapp3.1\dhamo.aleksander.dll" id="10d3a76c-b794-f9f8-cd2e-4fa6897a3636">
      <Execution id="195400f3-2ad3-44c4-9d71-1d305a5d87fa" />
      <TestMethod codeBase="C:\Users\posta\Desktop\CONSEGNATI\4H\Informatica\Serie\19122616\Dhamo.Aleksander\bin\Debug\netcoreapp3.1\Dhamo.Aleksander.dll" adapterTypeName="executor://xunit/VsTestRunner2/netcoreapp" className="SeriesTest" name="SeriesTest.Slice_length_cannot_be_zero" />
    </UnitTest>
    <UnitTest name="SeriesTest.Slices_can_include_duplicates" storage="c:\users\posta\desktop\consegnati\4h\informatica\serie\19122616\dhamo.aleksander\bin\debug\netcoreapp3.1\dhamo.aleksander.dll" id="9ac971fe-a86d-2575-e24a-c0b418baf055">
      <Execution id="2657ad2c-86cb-44dd-9479-7dd588b60a93" />
      <TestMethod codeBase="C:\Users\posta\Desktop\CONSEGNATI\4H\Informatica\Serie\19122616\Dhamo.Aleksander\bin\Debug\netcoreapp3.1\Dhamo.Aleksander.dll" adapterTypeName="executor://xunit/VsTestRunner2/netcoreapp" className="SeriesTest" name="SeriesTest.Slices_can_include_duplicates" />
    </UnitTest>
    <UnitTest name="SeriesTest.Slice_length_cannot_be_negative" storage="c:\users\posta\desktop\consegnati\4h\informatica\serie\19122616\dhamo.aleksander\bin\debug\netcoreapp3.1\dhamo.aleksander.dll" id="aaa7900a-737f-1c54-77a7-a4fd9c850c9c">
      <Execution id="14c138c7-2854-4148-809b-68b0b7be72c3" />
      <TestMethod codeBase="C:\Users\posta\Desktop\CONSEGNATI\4H\Informatica\Serie\19122616\Dhamo.Aleksander\bin\Debug\netcoreapp3.1\Dhamo.Aleksander.dll" adapterTypeName="executor://xunit/VsTestRunner2/netcoreapp" className="SeriesTest" name="SeriesTest.Slice_length_cannot_be_negative" />
    </UnitTest>
    <UnitTest name="SeriesTest.Slices_of_one_from_two" storage="c:\users\posta\desktop\consegnati\4h\informatica\serie\19122616\dhamo.aleksander\bin\debug\netcoreapp3.1\dhamo.aleksander.dll" id="3db77dd6-ae4d-6f66-bf0e-e455fd211992">
      <Execution id="a3624ae0-f220-43ff-9c0a-4c05055dbd13" />
      <TestMethod codeBase="C:\Users\posta\Desktop\CONSEGNATI\4H\Informatica\Serie\19122616\Dhamo.Aleksander\bin\Debug\netcoreapp3.1\Dhamo.Aleksander.dll" adapterTypeName="executor://xunit/VsTestRunner2/netcoreapp" className="SeriesTest" name="SeriesTest.Slices_of_one_from_two" />
    </UnitTest>
    <UnitTest name="SeriesTest.Slices_of_a_long_series" storage="c:\users\posta\desktop\consegnati\4h\informatica\serie\19122616\dhamo.aleksander\bin\debug\netcoreapp3.1\dhamo.aleksander.dll" id="aa0c5857-dbec-b111-7b44-742bc15ce437">
      <Execution id="cd487a51-3771-4566-b977-83709d370f2b" />
      <TestMethod codeBase="C:\Users\posta\Desktop\CONSEGNATI\4H\Informatica\Serie\19122616\Dhamo.Aleksander\bin\Debug\netcoreapp3.1\Dhamo.Aleksander.dll" adapterTypeName="executor://xunit/VsTestRunner2/netcoreapp" className="SeriesTest" name="SeriesTest.Slices_of_a_long_series" />
    </UnitTest>
    <UnitTest name="SeriesTest.Empty_series_is_invalid" storage="c:\users\posta\desktop\consegnati\4h\informatica\serie\19122616\dhamo.aleksander\bin\debug\netcoreapp3.1\dhamo.aleksander.dll" id="fb1b2d9f-a821-9cfd-c5d1-04188e63b49c">
      <Execution id="bf8623c4-dbc7-4367-9b06-d1556465f45c" />
      <TestMethod codeBase="C:\Users\posta\Desktop\CONSEGNATI\4H\Informatica\Serie\19122616\Dhamo.Aleksander\bin\Debug\netcoreapp3.1\Dhamo.Aleksander.dll" adapterTypeName="executor://xunit/VsTestRunner2/netcoreapp" className="SeriesTest" name="SeriesTest.Empty_series_is_invalid" />
    </UnitTest>
    <UnitTest name="SeriesTest.Slices_of_two_overlap" storage="c:\users\posta\desktop\consegnati\4h\informatica\serie\19122616\dhamo.aleksander\bin\debug\netcoreapp3.1\dhamo.aleksander.dll" id="1a69a07b-b8a9-feb1-11b3-85942861f695">
      <Execution id="dca3304a-0170-4c31-a258-621ae03b4685" />
      <TestMethod codeBase="C:\Users\posta\Desktop\CONSEGNATI\4H\Informatica\Serie\19122616\Dhamo.Aleksander\bin\Debug\netcoreapp3.1\Dhamo.Aleksander.dll" adapterTypeName="executor://xunit/VsTestRunner2/netcoreapp" className="SeriesTest" name="SeriesTest.Slices_of_two_overlap" />
    </UnitTest>
    <UnitTest name="SeriesTest.Slice_length_is_too_large" storage="c:\users\posta\desktop\consegnati\4h\informatica\serie\19122616\dhamo.aleksander\bin\debug\netcoreapp3.1\dhamo.aleksander.dll" id="7b83035a-aebc-4b5b-6cb0-60393095c680">
      <Execution id="ecac388f-9506-4a53-a7be-81ea63c0d960" />
      <TestMethod codeBase="C:\Users\posta\Desktop\CONSEGNATI\4H\Informatica\Serie\19122616\Dhamo.Aleksander\bin\Debug\netcoreapp3.1\Dhamo.Aleksander.dll" adapterTypeName="executor://xunit/VsTestRunner2/netcoreapp" className="SeriesTest" name="SeriesTest.Slice_length_is_too_large" />
    </UnitTest>
    <UnitTest name="SeriesTest.Slices_of_one_from_one" storage="c:\users\posta\desktop\consegnati\4h\informatica\serie\19122616\dhamo.aleksander\bin\debug\netcoreapp3.1\dhamo.aleksander.dll" id="792a0353-1d31-1840-3974-637edfdc2159">
      <Execution id="607d5dbd-1baa-4628-970d-0fac955a3d39" />
      <TestMethod codeBase="C:\Users\posta\Desktop\CONSEGNATI\4H\Informatica\Serie\19122616\Dhamo.Aleksander\bin\Debug\netcoreapp3.1\Dhamo.Aleksander.dll" adapterTypeName="executor://xunit/VsTestRunner2/netcoreapp" className="SeriesTest" name="SeriesTest.Slices_of_one_from_one" />
    </UnitTest>
  </TestDefinitions>
  <TestEntries>
    <TestEntry testId="792a0353-1d31-1840-3974-637edfdc2159" executionId="607d5dbd-1baa-4628-970d-0fac955a3d39" testListId="8c84fa94-04c1-424b-9868-57a2d4851a1d" />
    <TestEntry testId="aaa7900a-737f-1c54-77a7-a4fd9c850c9c" executionId="14c138c7-2854-4148-809b-68b0b7be72c3" testListId="8c84fa94-04c1-424b-9868-57a2d4851a1d" />
    <TestEntry testId="fb1b2d9f-a821-9cfd-c5d1-04188e63b49c" executionId="bf8623c4-dbc7-4367-9b06-d1556465f45c" testListId="8c84fa94-04c1-424b-9868-57a2d4851a1d" />
    <TestEntry testId="ebb22e5c-9f43-7f45-0744-6c7c63884f87" executionId="f6e5c5d6-454e-4bab-ba2f-edac054eedd1" testListId="8c84fa94-04c1-424b-9868-57a2d4851a1d" />
    <TestEntry testId="7b83035a-aebc-4b5b-6cb0-60393095c680" executionId="ecac388f-9506-4a53-a7be-81ea63c0d960" testListId="8c84fa94-04c1-424b-9868-57a2d4851a1d" />
    <TestEntry testId="3db77dd6-ae4d-6f66-bf0e-e455fd211992" executionId="a3624ae0-f220-43ff-9c0a-4c05055dbd13" testListId="8c84fa94-04c1-424b-9868-57a2d4851a1d" />
    <TestEntry testId="1a69a07b-b8a9-feb1-11b3-85942861f695" executionId="dca3304a-0170-4c31-a258-621ae03b4685" testListId="8c84fa94-04c1-424b-9868-57a2d4851a1d" />
    <TestEntry testId="10d3a76c-b794-f9f8-cd2e-4fa6897a3636" executionId="195400f3-2ad3-44c4-9d71-1d305a5d87fa" testListId="8c84fa94-04c1-424b-9868-57a2d4851a1d" />
    <TestEntry testId="aa0c5857-dbec-b111-7b44-742bc15ce437" executionId="cd487a51-3771-4566-b977-83709d370f2b" testListId="8c84fa94-04c1-424b-9868-57a2d4851a1d" />
    <TestEntry testId="9ac971fe-a86d-2575-e24a-c0b418baf055" executionId="2657ad2c-86cb-44dd-9479-7dd588b60a93" testListId="8c84fa94-04c1-424b-9868-57a2d4851a1d" />
  </TestEntries>
  <TestLists>
    <TestList name="Risultati non in elenco" id="8c84fa94-04c1-424b-9868-57a2d4851a1d" />
    <TestList name="Tutti i risultati caricati" id="19431567-8539-422a-85d7-44ee4e166bda" />
  </TestLists>
  <ResultSummary outcome="Failed">
    <Counters total="10" executed="10" passed="4" failed="6" error="0" timeout="0" aborted="0" inconclusive="0" passedButRunAborted="0" notRunnable="0" notExecuted="0" disconnected="0" warning="0" completed="0" inProgress="0" pending="0" />
    <Output>
      <StdOut>[xUnit.net 00:00:00.00] xUnit.net VSTest Adapter v2.4.1 (64-bit .NET Core 3.1.0)&#xD;
[xUnit.net 00:00:00.59]   Discovering: Dhamo.Aleksander&#xD;
[xUnit.net 00:00:00.63]   Discovered:  Dhamo.Aleksander&#xD;
[xUnit.net 00:00:00.64]   Starting:    Dhamo.Aleksander&#xD;
[xUnit.net 00:00:00.73]       System.ArgumentException : Value does not fall within the expected range.&#xD;
[xUnit.net 00:00:00.73]       Stack Trace:&#xD;
[xUnit.net 00:00:00.73]         C:\Users\posta\Desktop\CONSEGNATI\4H\Informatica\Serie\19122616\Dhamo.Aleksander\Series.cs(16,0): at Series.Slices(String numbers, Int32 sliceLength)&#xD;
[xUnit.net 00:00:00.73]         C:\Users\posta\Desktop\CONSEGNATI\4H\Informatica\Serie\19122616\Dhamo.Aleksander\SeriesTest.cs(12,0): at SeriesTest.Slices_of_one_from_one()&#xD;
[xUnit.net 00:00:00.73]       System.ArgumentException : Value does not fall within the expected range.&#xD;
[xUnit.net 00:00:00.73]       Stack Trace:&#xD;
[xUnit.net 00:00:00.73]         C:\Users\posta\Desktop\CONSEGNATI\4H\Informatica\Serie\19122616\Dhamo.Aleksander\Series.cs(16,0): at Series.Slices(String numbers, Int32 sliceLength)&#xD;
[xUnit.net 00:00:00.73]         C:\Users\posta\Desktop\CONSEGNATI\4H\Informatica\Serie\19122616\Dhamo.Aleksander\SeriesTest.cs(19,0): at SeriesTest.Slices_of_one_from_two()&#xD;
[xUnit.net 00:00:00.73]       System.IndexOutOfRangeException : Index was outside the bounds of the array.&#xD;
[xUnit.net 00:00:00.73]       Stack Trace:&#xD;
[xUnit.net 00:00:00.73]            at System.String.get_Chars(Int32 index)&#xD;
[xUnit.net 00:00:00.73]         C:\Users\posta\Desktop\CONSEGNATI\4H\Informatica\Serie\19122616\Dhamo.Aleksander\Series.cs(23,0): at Series.Slices(String numbers, Int32 sliceLength)&#xD;
[xUnit.net 00:00:00.73]         C:\Users\posta\Desktop\CONSEGNATI\4H\Informatica\Serie\19122616\Dhamo.Aleksander\SeriesTest.cs(26,0): at SeriesTest.Slices_of_two()&#xD;
[xUnit.net 00:00:00.73]       System.IndexOutOfRangeException : Index was outside the bounds of the array.&#xD;
[xUnit.net 00:00:00.73]       Stack Trace:&#xD;
[xUnit.net 00:00:00.73]            at System.String.get_Chars(Int32 index)&#xD;
[xUnit.net 00:00:00.73]         C:\Users\posta\Desktop\CONSEGNATI\4H\Informatica\Serie\19122616\Dhamo.Aleksander\Series.cs(23,0): at Series.Slices(String numbers, Int32 sliceLength)&#xD;
[xUnit.net 00:00:00.73]         C:\Users\posta\Desktop\CONSEGNATI\4H\Informatica\Serie\19122616\Dhamo.Aleksander\SeriesTest.cs(40,0): at SeriesTest.Slices_can_include_duplicates()&#xD;
[xUnit.net 00:00:00.73]       System.IndexOutOfRangeException : Index was outside the bounds of the array.&#xD;
[xUnit.net 00:00:00.73]       Stack Trace:&#xD;
[xUnit.net 00:00:00.73]            at System.String.get_Chars(Int32 index)&#xD;
[xUnit.net 00:00:00.73]         C:\Users\posta\Desktop\CONSEGNATI\4H\Informatica\Serie\19122616\Dhamo.Aleksander\Series.cs(23,0): at Series.Slices(String numbers, Int32 sliceLength)&#xD;
[xUnit.net 00:00:00.73]         C:\Users\posta\Desktop\CONSEGNATI\4H\Informatica\Serie\19122616\Dhamo.Aleksander\SeriesTest.cs(33,0): at SeriesTest.Slices_of_two_overlap()&#xD;
[xUnit.net 00:00:00.77]       System.IndexOutOfRangeException : Index was outside the bounds of the array.&#xD;
[xUnit.net 00:00:00.77]       Stack Trace:&#xD;
[xUnit.net 00:00:00.77]            at System.String.get_Chars(Int32 index)&#xD;
[xUnit.net 00:00:00.77]         C:\Users\posta\Desktop\CONSEGNATI\4H\Informatica\Serie\19122616\Dhamo.Aleksander\Series.cs(23,0): at Series.Slices(String numbers, Int32 sliceLength)&#xD;
[xUnit.net 00:00:00.77]         C:\Users\posta\Desktop\CONSEGNATI\4H\Informatica\Serie\19122616\Dhamo.Aleksander\SeriesTest.cs(47,0): at SeriesTest.Slices_of_a_long_series()&#xD;
[xUnit.net 00:00:00.77]   Finished:    Dhamo.Aleksander&#xD;
</StdOut>
    </Output>
    <RunInfos>
      <RunInfo computerName="WIN-9G14BFG5HNS" outcome="Error" timestamp="2019-12-26T16:49:17.3040515+01:00">
        <Text>[xUnit.net 00:00:00.73]     SeriesTest.Slices_of_one_from_one [FAIL]</Text>
      </RunInfo>
      <RunInfo computerName="WIN-9G14BFG5HNS" outcome="Error" timestamp="2019-12-26T16:49:17.3074347+01:00">
        <Text>[xUnit.net 00:00:00.73]     SeriesTest.Slices_of_one_from_two [FAIL]</Text>
      </RunInfo>
      <RunInfo computerName="WIN-9G14BFG5HNS" outcome="Error" timestamp="2019-12-26T16:49:17.3082291+01:00">
        <Text>[xUnit.net 00:00:00.73]     SeriesTest.Slices_of_two [FAIL]</Text>
      </RunInfo>
      <RunInfo computerName="WIN-9G14BFG5HNS" outcome="Error" timestamp="2019-12-26T16:49:17.3088947+01:00">
        <Text>[xUnit.net 00:00:00.73]     SeriesTest.Slices_can_include_duplicates [FAIL]</Text>
      </RunInfo>
      <RunInfo computerName="WIN-9G14BFG5HNS" outcome="Error" timestamp="2019-12-26T16:49:17.3095766+01:00">
        <Text>[xUnit.net 00:00:00.73]     SeriesTest.Slices_of_two_overlap [FAIL]</Text>
      </RunInfo>
      <RunInfo computerName="WIN-9G14BFG5HNS" outcome="Error" timestamp="2019-12-26T16:49:17.4269870+01:00">
        <Text>[xUnit.net 00:00:00.77]     SeriesTest.Slices_of_a_long_series [FAIL]</Text>
      </RunInfo>
    </RunInfos>
  </ResultSummary>
</TestRun>